08:20:18 (20096) DEBUG ConfigReader Loading config from stryker.conf.mjs
08:20:18 (20096) DEBUG ConfigReader Loaded config: {
  "_comment": "This config was generated using 'stryker init'. Please take a look at: https://stryker-mutator.io/docs/stryker-js/configuration/ for more information.",
  "packageManager": "yarn",
  "reporters": [
    "html",
    "clear-text",
    "progress",
    "dashboard"
  ],
  "testRunner": "jest",
  "testRunner_comment": "Take a look at (missing 'homepage' URL in package.json) for information about the jest plugin.",
  "coverageAnalysis": "perTest",
  "fileLogLevel": "trace",
  "logLevel": "debug",
  "allowConsoleColors": true,
  "checkers": [],
  "checkerNodeArgs": [],
  "commandRunner": {
    "command": "npm test"
  },
  "clearTextReporter": {
    "allowColor": true,
    "allowEmojis": false,
    "logTests": true,
    "maxTestsToLog": 3
  },
  "dashboard": {
    "baseUrl": "https://dashboard.stryker-mutator.io/api/reports",
    "reportType": "full"
  },
  "dryRunOnly": false,
  "eventReporter": {
    "baseDir": "reports/mutation/events"
  },
  "ignorePatterns": [],
  "ignoreStatic": false,
  "incremental": false,
  "incrementalFile": "reports/stryker-incremental.json",
  "force": false,
  "inPlace": false,
  "maxConcurrentTestRunners": 9007199254740991,
  "maxTestRunnerReuse": 0,
  "mutate": [
    "{src,lib}/**/!(*.+(s|S)pec|*.+(t|T)est).+(cjs|mjs|js|ts|jsx|tsx|html|vue)",
    "!{src,lib}/**/__tests__/**/*.+(cjs|mjs|js|ts|jsx|tsx|html|vue)"
  ],
  "mutator": {
    "plugins": null,
    "excludedMutations": []
  },
  "plugins": [
    "@stryker-mutator/*"
  ],
  "appendPlugins": [],
  "htmlReporter": {
    "fileName": "reports/mutation/mutation.html"
  },
  "jsonReporter": {
    "fileName": "reports/mutation/mutation.json"
  },
  "disableTypeChecks": true,
  "symlinkNodeModules": true,
  "tempDirName": ".stryker-tmp",
  "cleanTempDir": true,
  "testRunnerNodeArgs": [],
  "thresholds": {
    "high": 80,
    "low": 60,
    "break": null
  },
  "timeoutFactor": 1.5,
  "timeoutMS": 5000,
  "dryRunTimeoutMinutes": 5,
  "tsconfigFile": "tsconfig.json",
  "warnings": true,
  "disableBail": false,
  "allowEmpty": false
}
08:20:18 (20096) DEBUG PluginLoader Loading @stryker-mutator/* from C:\custom\media\obsidian\.obsidian\plugins\obsidian-dashboard\node_modules\@stryker-mutator
08:20:18 (20096) DEBUG PluginLoader Loading plugin "@stryker-mutator/jest-runner" (matched with expression @stryker-mutator/*)
08:20:18 (20096) DEBUG PluginLoader Loading plugin @stryker-mutator/jest-runner
08:20:18 (20096) DEBUG PluginLoader Loading plugin file:///C:/custom/media/obsidian/.obsidian/plugins/obsidian-dashboard/node_modules/@stryker-mutator/core/dist/src/reporters/index.js
08:20:18 (20096) DEBUG MetaSchemaBuilder Contributing 1 schemas from plugins to options validation.
08:20:18 (20096) INFO ProjectReader Found 6 of 39 file(s) to be mutated.
08:20:18 (20096) DEBUG ProjectReader All input files: [
  "C:\\custom\\media\\obsidian\\.obsidian\\plugins\\obsidian-dashboard\\.editorconfig",
  "C:\\custom\\media\\obsidian\\.obsidian\\plugins\\obsidian-dashboard\\.eslintignore",
  "C:\\custom\\media\\obsidian\\.obsidian\\plugins\\obsidian-dashboard\\.eslintrc",
  "C:\\custom\\media\\obsidian\\.obsidian\\plugins\\obsidian-dashboard\\.gitignore",
  "C:\\custom\\media\\obsidian\\.obsidian\\plugins\\obsidian-dashboard\\.idea\\.gitignore",
  "C:\\custom\\media\\obsidian\\.obsidian\\plugins\\obsidian-dashboard\\.idea\\codeStyles\\codeStyleConfig.xml",
  "C:\\custom\\media\\obsidian\\.obsidian\\plugins\\obsidian-dashboard\\.idea\\codeStyles\\Project.xml",
  "C:\\custom\\media\\obsidian\\.obsidian\\plugins\\obsidian-dashboard\\.idea\\inspectionProfiles\\Project_Default.xml",
  "C:\\custom\\media\\obsidian\\.obsidian\\plugins\\obsidian-dashboard\\.idea\\jsLinters\\eslint.xml",
  "C:\\custom\\media\\obsidian\\.obsidian\\plugins\\obsidian-dashboard\\.idea\\modules.xml",
  "C:\\custom\\media\\obsidian\\.obsidian\\plugins\\obsidian-dashboard\\.idea\\obsidian-dashboard.iml",
  "C:\\custom\\media\\obsidian\\.obsidian\\plugins\\obsidian-dashboard\\.idea\\vcs.xml",
  "C:\\custom\\media\\obsidian\\.obsidian\\plugins\\obsidian-dashboard\\.idea\\workspace.xml",
  "C:\\custom\\media\\obsidian\\.obsidian\\plugins\\obsidian-dashboard\\.npmrc",
  "C:\\custom\\media\\obsidian\\.obsidian\\plugins\\obsidian-dashboard\\esbuild.config.mjs",
  "C:\\custom\\media\\obsidian\\.obsidian\\plugins\\obsidian-dashboard\\jest.config.ts",
  "C:\\custom\\media\\obsidian\\.obsidian\\plugins\\obsidian-dashboard\\main.js",
  "C:\\custom\\media\\obsidian\\.obsidian\\plugins\\obsidian-dashboard\\main.ts",
  "C:\\custom\\media\\obsidian\\.obsidian\\plugins\\obsidian-dashboard\\manifest.json",
  "C:\\custom\\media\\obsidian\\.obsidian\\plugins\\obsidian-dashboard\\package.json",
  "C:\\custom\\media\\obsidian\\.obsidian\\plugins\\obsidian-dashboard\\README.md",
  "C:\\custom\\media\\obsidian\\.obsidian\\plugins\\obsidian-dashboard\\setup-tests.ts",
  "C:\\custom\\media\\obsidian\\.obsidian\\plugins\\obsidian-dashboard\\src\\core\\dashboard-bootstrap-service\\dashboardBootstrap.service.ts",
  "C:\\custom\\media\\obsidian\\.obsidian\\plugins\\obsidian-dashboard\\src\\core\\dashboard-bootstrap-service\\dashboardBootstrap.service.spec.ts",
  "C:\\custom\\media\\obsidian\\.obsidian\\plugins\\obsidian-dashboard\\src\\core\\ribbon-service\\ribbon.service.spec.ts",
  "C:\\custom\\media\\obsidian\\.obsidian\\plugins\\obsidian-dashboard\\src\\core\\ribbon-service\\ribbon.service.ts",
  "C:\\custom\\media\\obsidian\\.obsidian\\plugins\\obsidian-dashboard\\src\\dashboard\\dashboard.component.spec.tsx",
  "C:\\custom\\media\\obsidian\\.obsidian\\plugins\\obsidian-dashboard\\src\\dashboard\\dashboard.component.tsx",
  "C:\\custom\\media\\obsidian\\.obsidian\\plugins\\obsidian-dashboard\\src\\dashboard\\dashboard.view.tsx",
  "C:\\custom\\media\\obsidian\\.obsidian\\plugins\\obsidian-dashboard\\src\\dashboard\\registerDashboard.service.ts",
  "C:\\custom\\media\\obsidian\\.obsidian\\plugins\\obsidian-dashboard\\src\\main.css",
  "C:\\custom\\media\\obsidian\\.obsidian\\plugins\\obsidian-dashboard\\src\\shared\\main.identifiers.ts",
  "C:\\custom\\media\\obsidian\\.obsidian\\plugins\\obsidian-dashboard\\stryker.conf.mjs",
  "C:\\custom\\media\\obsidian\\.obsidian\\plugins\\obsidian-dashboard\\styles.css",
  "C:\\custom\\media\\obsidian\\.obsidian\\plugins\\obsidian-dashboard\\tailwind.config.js",
  "C:\\custom\\media\\obsidian\\.obsidian\\plugins\\obsidian-dashboard\\tsconfig.json",
  "C:\\custom\\media\\obsidian\\.obsidian\\plugins\\obsidian-dashboard\\version-bump.mjs",
  "C:\\custom\\media\\obsidian\\.obsidian\\plugins\\obsidian-dashboard\\versions.json",
  "C:\\custom\\media\\obsidian\\.obsidian\\plugins\\obsidian-dashboard\\yarn.lock"
]
08:20:18 (20096) DEBUG ProjectReader Files to mutate: [
  "C:\\custom\\media\\obsidian\\.obsidian\\plugins\\obsidian-dashboard\\src\\core\\dashboard-bootstrap-service\\dashboardBootstrap.service.ts",
  "C:\\custom\\media\\obsidian\\.obsidian\\plugins\\obsidian-dashboard\\src\\core\\ribbon-service\\ribbon.service.ts",
  "C:\\custom\\media\\obsidian\\.obsidian\\plugins\\obsidian-dashboard\\src\\dashboard\\dashboard.component.tsx",
  "C:\\custom\\media\\obsidian\\.obsidian\\plugins\\obsidian-dashboard\\src\\dashboard\\dashboard.view.tsx",
  "C:\\custom\\media\\obsidian\\.obsidian\\plugins\\obsidian-dashboard\\src\\dashboard\\registerDashboard.service.ts",
  "C:\\custom\\media\\obsidian\\.obsidian\\plugins\\obsidian-dashboard\\src\\shared\\main.identifiers.ts"
]
08:20:18 (20096) DEBUG TemporaryDirectory Using temp directory "C:\custom\media\obsidian\.obsidian\plugins\obsidian-dashboard\.stryker-tmp"
08:20:18 (20096) DEBUG Instrumenter Instrumenting 6 source files with mutants
08:20:18 (20096) DEBUG Instrumenter Instrumented src\core\dashboard-bootstrap-service\dashboardBootstrap.service.ts (2 mutant(s))
08:20:18 (20096) DEBUG Instrumenter Instrumented src\core\ribbon-service\ribbon.service.ts (4 mutant(s))
08:20:18 (20096) DEBUG Instrumenter Instrumented src\dashboard\dashboard.component.tsx (4 mutant(s))
08:20:18 (20096) DEBUG Instrumenter Instrumented src\dashboard\dashboard.view.tsx (8 mutant(s))
08:20:18 (20096) DEBUG Instrumenter Instrumented src\dashboard\registerDashboard.service.ts (8 mutant(s))
08:20:18 (20096) DEBUG Instrumenter Instrumented src\shared\main.identifiers.ts (2 mutant(s))
08:20:18 (20096) INFO Instrumenter Instrumented 6 source file(s) with 28 mutant(s)
08:20:18 (20096) DEBUG TSConfigPreprocessor Rewriting file ProjectFile {
  fs: [FileSystem],
  name: 'C:\\custom\\media\\obsidian\\.obsidian\\plugins\\obsidian-dashboard\\tsconfig.json',
  mutate: false
}
08:20:18 (20096) INFO ConcurrencyTokenProvider Creating 11 test runner process(es).
08:20:18 (20096) DEBUG ChildProcessProxy Started CheckerWorker in worker process 0 with pid 10804
08:20:19 (10804) DEBUG PluginLoader Loading plugin @stryker-mutator/jest-runner
08:20:19 (10804) DEBUG PluginLoader Loading plugin file:///C:/custom/media/obsidian/.obsidian/plugins/obsidian-dashboard/node_modules/@stryker-mutator/core/dist/src/reporters/index.js
08:20:19 (20096) DEBUG Sandbox Creating a sandbox for files in C:\custom\media\obsidian\.obsidian\plugins\obsidian-dashboard\.stryker-tmp\sandbox3842089
08:20:19 (20096) DEBUG Sandbox Start symlink node_modules
08:20:19 (20096) DEBUG Sandbox Create symlink from C:\custom\media\obsidian\.obsidian\plugins\obsidian-dashboard\node_modules to C:\custom\media\obsidian\.obsidian\plugins\obsidian-dashboard\.stryker-tmp\sandbox3842089\node_modules
08:20:19 (20096) DEBUG BroadcastReporter Broadcasting to reporters ["html","clear-text","progress","dashboard"]
08:20:19 (20096) DEBUG ChildProcessProxy Started ChildProcessTestRunnerWorker in worker process 0 with pid 16688
08:20:19 (20096) DEBUG ChildProcessProxy Started ChildProcessTestRunnerWorker in worker process 1 with pid 10984
08:20:20 (16688) DEBUG PluginLoader Loading plugin @stryker-mutator/jest-runner
08:20:20 (16688) DEBUG PluginLoader Loading plugin file:///C:/custom/media/obsidian/.obsidian/plugins/obsidian-dashboard/node_modules/@stryker-mutator/core/dist/src/reporters/index.js
08:20:20 (10984) DEBUG PluginLoader Loading plugin @stryker-mutator/jest-runner
08:20:20 (10984) DEBUG PluginLoader Loading plugin file:///C:/custom/media/obsidian/.obsidian/plugins/obsidian-dashboard/node_modules/@stryker-mutator/core/dist/src/reporters/index.js
08:20:20 (16688) DEBUG ChildProcessProxyWorker Changing current working directory for this process to C:\custom\media\obsidian\.obsidian\plugins\obsidian-dashboard\.stryker-tmp\sandbox3842089
08:20:20 (10984) DEBUG ChildProcessProxyWorker Changing current working directory for this process to C:\custom\media\obsidian\.obsidian\plugins\obsidian-dashboard\.stryker-tmp\sandbox3842089
08:20:20 (16688) DEBUG jestTestAdapterFactory Detected Jest version 29.6.2
08:20:20 (10984) DEBUG jestTestAdapterFactory Detected Jest version 29.6.2
08:20:20 (16688) DEBUG JestTestRunner Running jest with --findRelatedTests flag. Set jest.enableFindRelatedTests to false to run all tests on every mutant.
08:20:20 (10984) DEBUG JestTestRunner Running jest with --findRelatedTests flag. Set jest.enableFindRelatedTests to false to run all tests on every mutant.
08:20:22 (10984) DEBUG CustomJestConfigLoader Read config from "jest.config.ts" (used native `readInitialOptions` from jest-config).
08:20:22 (10984) DEBUG JestTestRunner Merging file-based config {
  "preset": "ts-jest",
  "coverageProvider": "v8",
  "moduleDirectories": [
    "node_modules",
    "src"
  ],
  "collectCoverageFrom": [
    "!main.ts"
  ],
  "testEnvironment": "jsdom",
  "transform": {
    "^.+\\.ts?$": "ts-jest"
  },
  "setupFilesAfterEnv": [
    "./setup-tests.ts"
  ],
  "rootDir": "C:\\custom\\media\\obsidian\\.obsidian\\plugins\\obsidian-dashboard\\.stryker-tmp\\sandbox3842089"
}
      with custom config {}
      and default (internal) stryker config {
  "collectCoverage": false,
  "verbose": false,
  "notify": false,
  "bail": false,
  "reporters": []
}
08:20:22 (20096) INFO DryRunExecutor Starting initial test run (jest test runner with "perTest" coverage analysis). This may take a while.
08:20:22 (20096) DEBUG DryRunExecutor Using timeout of 300000 ms.
08:20:22 (20096) DEBUG TimeoutDecorator Starting timeout timer (300000 ms) for a test run
08:20:22 (20096) DEBUG ChildProcessProxy Started ChildProcessTestRunnerWorker in worker process 2 with pid 9288
08:20:22 (10984) TRACE JestTestRunner Invoking Jest with config {"fileNamesUnderTest":["C:\\custom\\media\\obsidian\\.obsidian\\plugins\\obsidian-dashboard\\.stryker-tmp\\sandbox3842089\\src\\core\\dashboard-bootstrap-service\\dashboardBootstrap.service.ts","C:\\custom\\media\\obsidian\\.obsidian\\plugins\\obsidian-dashboard\\.stryker-tmp\\sandbox3842089\\src\\core\\ribbon-service\\ribbon.service.ts","C:\\custom\\media\\obsidian\\.obsidian\\plugins\\obsidian-dashboard\\.stryker-tmp\\sandbox3842089\\src\\dashboard\\dashboard.component.tsx","C:\\custom\\media\\obsidian\\.obsidian\\plugins\\obsidian-dashboard\\.stryker-tmp\\sandbox3842089\\src\\dashboard\\dashboard.view.tsx","C:\\custom\\media\\obsidian\\.obsidian\\plugins\\obsidian-dashboard\\.stryker-tmp\\sandbox3842089\\src\\dashboard\\registerDashboard.service.ts","C:\\custom\\media\\obsidian\\.obsidian\\plugins\\obsidian-dashboard\\.stryker-tmp\\sandbox3842089\\src\\shared\\main.identifiers.ts"],"jestConfig":{"preset":"ts-jest","coverageProvider":"v8","moduleDirectories":["node_modules","src"],"collectCoverageFrom":["!main.ts"],"testEnvironment":"C:\\custom\\media\\obsidian\\.obsidian\\plugins\\obsidian-dashboard\\node_modules\\@stryker-mutator\\jest-runner\\dist\\src\\jest-plugins\\jest-environment-generic.cjs","transform":{"^.+\\.ts?$":"ts-jest"},"setupFilesAfterEnv":["./setup-tests.ts"],"rootDir":"C:\\custom\\media\\obsidian\\.obsidian\\plugins\\obsidian-dashboard\\.stryker-tmp\\sandbox3842089","collectCoverage":false,"verbose":false,"notify":false,"bail":false,"reporters":[],"globals":{"__strykerGlobalNamespace__":"__stryker__"}},"testLocationInResults":true}
08:20:22 (16688) DEBUG CustomJestConfigLoader Read config from "jest.config.ts" (used native `readInitialOptions` from jest-config).
08:20:22 (16688) DEBUG JestTestRunner Merging file-based config {
  "preset": "ts-jest",
  "coverageProvider": "v8",
  "moduleDirectories": [
    "node_modules",
    "src"
  ],
  "collectCoverageFrom": [
    "!main.ts"
  ],
  "testEnvironment": "jsdom",
  "transform": {
    "^.+\\.ts?$": "ts-jest"
  },
  "setupFilesAfterEnv": [
    "./setup-tests.ts"
  ],
  "rootDir": "C:\\custom\\media\\obsidian\\.obsidian\\plugins\\obsidian-dashboard\\.stryker-tmp\\sandbox3842089"
}
      with custom config {}
      and default (internal) stryker config {
  "collectCoverage": false,
  "verbose": false,
  "notify": false,
  "bail": false,
  "reporters": []
}
08:20:22 (20096) DEBUG ChildProcessProxy Started ChildProcessTestRunnerWorker in worker process 3 with pid 1516
08:20:23 (9288) DEBUG PluginLoader Loading plugin @stryker-mutator/jest-runner
08:20:23 (9288) DEBUG PluginLoader Loading plugin file:///C:/custom/media/obsidian/.obsidian/plugins/obsidian-dashboard/node_modules/@stryker-mutator/core/dist/src/reporters/index.js
08:20:23 (1516) DEBUG PluginLoader Loading plugin @stryker-mutator/jest-runner
08:20:23 (1516) DEBUG PluginLoader Loading plugin file:///C:/custom/media/obsidian/.obsidian/plugins/obsidian-dashboard/node_modules/@stryker-mutator/core/dist/src/reporters/index.js
08:20:23 (9288) DEBUG ChildProcessProxyWorker Changing current working directory for this process to C:\custom\media\obsidian\.obsidian\plugins\obsidian-dashboard\.stryker-tmp\sandbox3842089
08:20:23 (1516) DEBUG ChildProcessProxyWorker Changing current working directory for this process to C:\custom\media\obsidian\.obsidian\plugins\obsidian-dashboard\.stryker-tmp\sandbox3842089
08:20:23 (9288) DEBUG jestTestAdapterFactory Detected Jest version 29.6.2
08:20:23 (1516) DEBUG jestTestAdapterFactory Detected Jest version 29.6.2
08:20:23 (9288) DEBUG JestTestRunner Running jest with --findRelatedTests flag. Set jest.enableFindRelatedTests to false to run all tests on every mutant.
08:20:23 (1516) DEBUG JestTestRunner Running jest with --findRelatedTests flag. Set jest.enableFindRelatedTests to false to run all tests on every mutant.
08:20:25 (9288) DEBUG CustomJestConfigLoader Read config from "jest.config.ts" (used native `readInitialOptions` from jest-config).
08:20:25 (9288) DEBUG JestTestRunner Merging file-based config {
  "preset": "ts-jest",
  "coverageProvider": "v8",
  "moduleDirectories": [
    "node_modules",
    "src"
  ],
  "collectCoverageFrom": [
    "!main.ts"
  ],
  "testEnvironment": "jsdom",
  "transform": {
    "^.+\\.ts?$": "ts-jest"
  },
  "setupFilesAfterEnv": [
    "./setup-tests.ts"
  ],
  "rootDir": "C:\\custom\\media\\obsidian\\.obsidian\\plugins\\obsidian-dashboard\\.stryker-tmp\\sandbox3842089"
}
      with custom config {}
      and default (internal) stryker config {
  "collectCoverage": false,
  "verbose": false,
  "notify": false,
  "bail": false,
  "reporters": []
}
08:20:25 (20096) DEBUG ChildProcessProxy Started ChildProcessTestRunnerWorker in worker process 4 with pid 14692
08:20:25 (1516) DEBUG CustomJestConfigLoader Read config from "jest.config.ts" (used native `readInitialOptions` from jest-config).
08:20:25 (1516) DEBUG JestTestRunner Merging file-based config {
  "preset": "ts-jest",
  "coverageProvider": "v8",
  "moduleDirectories": [
    "node_modules",
    "src"
  ],
  "collectCoverageFrom": [
    "!main.ts"
  ],
  "testEnvironment": "jsdom",
  "transform": {
    "^.+\\.ts?$": "ts-jest"
  },
  "setupFilesAfterEnv": [
    "./setup-tests.ts"
  ],
  "rootDir": "C:\\custom\\media\\obsidian\\.obsidian\\plugins\\obsidian-dashboard\\.stryker-tmp\\sandbox3842089"
}
      with custom config {}
      and default (internal) stryker config {
  "collectCoverage": false,
  "verbose": false,
  "notify": false,
  "bail": false,
  "reporters": []
}
08:20:25 (20096) DEBUG ChildProcessProxy Started ChildProcessTestRunnerWorker in worker process 5 with pid 22488
08:20:26 (14692) DEBUG PluginLoader Loading plugin @stryker-mutator/jest-runner
08:20:26 (14692) DEBUG PluginLoader Loading plugin file:///C:/custom/media/obsidian/.obsidian/plugins/obsidian-dashboard/node_modules/@stryker-mutator/core/dist/src/reporters/index.js
08:20:26 (22488) DEBUG PluginLoader Loading plugin @stryker-mutator/jest-runner
08:20:26 (22488) DEBUG PluginLoader Loading plugin file:///C:/custom/media/obsidian/.obsidian/plugins/obsidian-dashboard/node_modules/@stryker-mutator/core/dist/src/reporters/index.js
08:20:26 (14692) DEBUG ChildProcessProxyWorker Changing current working directory for this process to C:\custom\media\obsidian\.obsidian\plugins\obsidian-dashboard\.stryker-tmp\sandbox3842089
08:20:26 (22488) DEBUG ChildProcessProxyWorker Changing current working directory for this process to C:\custom\media\obsidian\.obsidian\plugins\obsidian-dashboard\.stryker-tmp\sandbox3842089
08:20:26 (14692) DEBUG jestTestAdapterFactory Detected Jest version 29.6.2
08:20:26 (22488) DEBUG jestTestAdapterFactory Detected Jest version 29.6.2
08:20:26 (14692) DEBUG JestTestRunner Running jest with --findRelatedTests flag. Set jest.enableFindRelatedTests to false to run all tests on every mutant.
08:20:26 (22488) DEBUG JestTestRunner Running jest with --findRelatedTests flag. Set jest.enableFindRelatedTests to false to run all tests on every mutant.
08:20:28 (14692) DEBUG CustomJestConfigLoader Read config from "jest.config.ts" (used native `readInitialOptions` from jest-config).
08:20:28 (14692) DEBUG JestTestRunner Merging file-based config {
  "preset": "ts-jest",
  "coverageProvider": "v8",
  "moduleDirectories": [
    "node_modules",
    "src"
  ],
  "collectCoverageFrom": [
    "!main.ts"
  ],
  "testEnvironment": "jsdom",
  "transform": {
    "^.+\\.ts?$": "ts-jest"
  },
  "setupFilesAfterEnv": [
    "./setup-tests.ts"
  ],
  "rootDir": "C:\\custom\\media\\obsidian\\.obsidian\\plugins\\obsidian-dashboard\\.stryker-tmp\\sandbox3842089"
}
      with custom config {}
      and default (internal) stryker config {
  "collectCoverage": false,
  "verbose": false,
  "notify": false,
  "bail": false,
  "reporters": []
}
08:20:28 (20096) DEBUG ChildProcessProxy Started ChildProcessTestRunnerWorker in worker process 6 with pid 17880
08:20:28 (22488) DEBUG CustomJestConfigLoader Read config from "jest.config.ts" (used native `readInitialOptions` from jest-config).
08:20:28 (22488) DEBUG JestTestRunner Merging file-based config {
  "preset": "ts-jest",
  "coverageProvider": "v8",
  "moduleDirectories": [
    "node_modules",
    "src"
  ],
  "collectCoverageFrom": [
    "!main.ts"
  ],
  "testEnvironment": "jsdom",
  "transform": {
    "^.+\\.ts?$": "ts-jest"
  },
  "setupFilesAfterEnv": [
    "./setup-tests.ts"
  ],
  "rootDir": "C:\\custom\\media\\obsidian\\.obsidian\\plugins\\obsidian-dashboard\\.stryker-tmp\\sandbox3842089"
}
      with custom config {}
      and default (internal) stryker config {
  "collectCoverage": false,
  "verbose": false,
  "notify": false,
  "bail": false,
  "reporters": []
}
08:20:28 (20096) DEBUG ChildProcessProxy Started ChildProcessTestRunnerWorker in worker process 7 with pid 20628
08:20:29 (17880) DEBUG PluginLoader Loading plugin @stryker-mutator/jest-runner
08:20:29 (17880) DEBUG PluginLoader Loading plugin file:///C:/custom/media/obsidian/.obsidian/plugins/obsidian-dashboard/node_modules/@stryker-mutator/core/dist/src/reporters/index.js
08:20:29 (20628) DEBUG PluginLoader Loading plugin @stryker-mutator/jest-runner
08:20:29 (20628) DEBUG PluginLoader Loading plugin file:///C:/custom/media/obsidian/.obsidian/plugins/obsidian-dashboard/node_modules/@stryker-mutator/core/dist/src/reporters/index.js
08:20:29 (17880) DEBUG ChildProcessProxyWorker Changing current working directory for this process to C:\custom\media\obsidian\.obsidian\plugins\obsidian-dashboard\.stryker-tmp\sandbox3842089
08:20:29 (20628) DEBUG ChildProcessProxyWorker Changing current working directory for this process to C:\custom\media\obsidian\.obsidian\plugins\obsidian-dashboard\.stryker-tmp\sandbox3842089
08:20:29 (17880) DEBUG jestTestAdapterFactory Detected Jest version 29.6.2
08:20:29 (17880) DEBUG JestTestRunner Running jest with --findRelatedTests flag. Set jest.enableFindRelatedTests to false to run all tests on every mutant.
08:20:29 (20628) DEBUG jestTestAdapterFactory Detected Jest version 29.6.2
08:20:29 (20628) DEBUG JestTestRunner Running jest with --findRelatedTests flag. Set jest.enableFindRelatedTests to false to run all tests on every mutant.
08:20:30 (20096) ERROR DryRunExecutor One or more tests resulted in an error:
	MODULE_NOT_FOUND Cannot find module 'obsidian' from 'main.js'

Require stack:
  main.js
  src/core/ribbon-service/ribbon.service.ts
  src/core/ribbon-service/ribbon.service.spec.ts
 Error: Cannot find module 'obsidian' from 'main.js'

Require stack:
  main.js
  src/core/ribbon-service/ribbon.service.ts
  src/core/ribbon-service/ribbon.service.spec.ts

    at Resolver._throwModNotFoundError (C:\custom\media\obsidian\.obsidian\plugins\obsidian-dashboard\node_modules\jest-resolve\build\resolver.js:427:11)
    at Resolver.resolveModule (C:\custom\media\obsidian\.obsidian\plugins\obsidian-dashboard\node_modules\jest-resolve\build\resolver.js:358:10)
    at Resolver._getVirtualMockPath (C:\custom\media\obsidian\.obsidian\plugins\obsidian-dashboard\node_modules\jest-resolve\build\resolver.js:619:14)
    at Resolver._getAbsolutePath (C:\custom\media\obsidian\.obsidian\plugins\obsidian-dashboard\node_modules\jest-resolve\build\resolver.js:587:14)
    at Resolver.getModuleID (C:\custom\media\obsidian\.obsidian\plugins\obsidian-dashboard\node_modules\jest-resolve\build\resolver.js:530:31)
    at Runtime._shouldMockCjs (C:\custom\media\obsidian\.obsidian\plugins\obsidian-dashboard\node_modules\jest-runtime\build\index.js:1701:37)
    at Runtime.requireModuleOrMock (C:\custom\media\obsidian\.obsidian\plugins\obsidian-dashboard\node_modules\jest-runtime\build\index.js:1036:16)
    at Object.<anonymous> (C:\custom\media\obsidian\.obsidian\plugins\obsidian-dashboard\.stryker-tmp\sandbox3842089\main.js:24348:24)
    at Runtime._execModule (C:\custom\media\obsidian\.obsidian\plugins\obsidian-dashboard\node_modules\jest-runtime\build\index.js:1430:24)
    at Runtime._loadModule (C:\custom\media\obsidian\.obsidian\plugins\obsidian-dashboard\node_modules\jest-runtime\build\index.js:1013:12)
    at Runtime.requireModule (C:\custom\media\obsidian\.obsidian\plugins\obsidian-dashboard\node_modules\jest-runtime\build\index.js:873:12)
    at Runtime.requireModuleOrMock (C:\custom\media\obsidian\.obsidian\plugins\obsidian-dashboard\node_modules\jest-runtime\build\index.js:1039:21)
    at Object.<anonymous> (C:\custom\media\obsidian\.obsidian\plugins\obsidian-dashboard\.stryker-tmp\sandbox3842089\src\core\ribbon-service\ribbon.service.ts:48:1)
    at Runtime._execModule (C:\custom\media\obsidian\.obsidian\plugins\obsidian-dashboard\node_modules\jest-runtime\build\index.js:1430:24)
    at Runtime._loadModule (C:\custom\media\obsidian\.obsidian\plugins\obsidian-dashboard\node_modules\jest-runtime\build\index.js:1013:12)
    at Runtime.requireModule (C:\custom\media\obsidian\.obsidian\plugins\obsidian-dashboard\node_modules\jest-runtime\build\index.js:873:12)
    at Runtime.requireModuleOrMock (C:\custom\media\obsidian\.obsidian\plugins\obsidian-dashboard\node_modules\jest-runtime\build\index.js:1039:21)
    at Object.<anonymous> (C:\custom\media\obsidian\.obsidian\plugins\obsidian-dashboard\.stryker-tmp\sandbox3842089\src\core\ribbon-service\ribbon.service.spec.ts:2:1)
    at Runtime._execModule (C:\custom\media\obsidian\.obsidian\plugins\obsidian-dashboard\node_modules\jest-runtime\build\index.js:1430:24)
    at Runtime._loadModule (C:\custom\media\obsidian\.obsidian\plugins\obsidian-dashboard\node_modules\jest-runtime\build\index.js:1013:12)
    at Runtime.requireModule (C:\custom\media\obsidian\.obsidian\plugins\obsidian-dashboard\node_modules\jest-runtime\build\index.js:873:12)
    at jestAdapter (C:\custom\media\obsidian\.obsidian\plugins\obsidian-dashboard\node_modules\jest-circus\build\legacy-code-todo-rewrite\jestAdapter.js:77:13)
    at async runTestInternal (C:\custom\media\obsidian\.obsidian\plugins\obsidian-dashboard\node_modules\jest-runner\build\runTest.js:367:16)
    at async runTest (C:\custom\media\obsidian\.obsidian\plugins\obsidian-dashboard\node_modules\jest-runner\build\runTest.js:444:34)
08:20:30 (20096) DEBUG Stryker Not removing the temp dir because an error occurred
08:20:30 (20096) ERROR Stryker Unexpected error occurred while running Stryker Error: Something went wrong in the initial test run
    at DryRunExecutor.validateResultCompleted (file:///C:/custom/media/obsidian/.obsidian/plugins/obsidian-dashboard/node_modules/@stryker-mutator/core/dist/src/process/3-dry-run-executor.js:67:15)
    at DryRunExecutor.executeDryRun (file:///C:/custom/media/obsidian/.obsidian/plugins/obsidian-dashboard/node_modules/@stryker-mutator/core/dist/src/process/3-dry-run-executor.js:87:14)
    at processTicksAndRejections (node:internal/process/task_queues:96:5)
    at async WorkItem.execute (file:///C:/custom/media/obsidian/.obsidian/plugins/obsidian-dashboard/node_modules/@stryker-mutator/core/dist/src/concurrent/pool.js:30:28)
    at async file:///C:/custom/media/obsidian/.obsidian/plugins/obsidian-dashboard/node_modules/@stryker-mutator/core/dist/src/concurrent/pool.js:67:13
08:20:30 (20096) INFO Stryker This might be a known problem with a solution documented in our troubleshooting guide.
08:20:30 (20096) INFO Stryker You can find it at https://stryker-mutator.io/docs/stryker-js/troubleshooting/
08:20:30 (20096) DEBUG ChildProcessProxy Disposing of worker process 16688
08:20:30 (20096) DEBUG ChildProcessProxy Disposing of worker process 9288
08:20:30 (20096) DEBUG ChildProcessProxy Disposing of worker process 1516
08:20:30 (20096) DEBUG ChildProcessProxy Disposing of worker process 14692
08:20:30 (20096) DEBUG ChildProcessProxy Disposing of worker process 22488
08:20:30 (20096) DEBUG ChildProcessProxy Disposing of worker process 10984
08:20:30 (20096) DEBUG ChildProcessProxy Kill 16688
08:20:30 (20096) DEBUG ChildProcessProxy Kill 9288
08:20:30 (20096) DEBUG ChildProcessProxy Kill 1516
08:20:30 (20096) DEBUG ChildProcessProxy Kill 14692
08:20:30 (20096) DEBUG ChildProcessProxy Kill 22488
08:20:30 (20096) DEBUG ChildProcessProxy Kill 10984
08:20:31 (17880) DEBUG CustomJestConfigLoader Read config from "jest.config.ts" (used native `readInitialOptions` from jest-config).
08:20:31 (17880) DEBUG JestTestRunner Merging file-based config {
  "preset": "ts-jest",
  "coverageProvider": "v8",
  "moduleDirectories": [
    "node_modules",
    "src"
  ],
  "collectCoverageFrom": [
    "!main.ts"
  ],
  "testEnvironment": "jsdom",
  "transform": {
    "^.+\\.ts?$": "ts-jest"
  },
  "setupFilesAfterEnv": [
    "./setup-tests.ts"
  ],
  "rootDir": "C:\\custom\\media\\obsidian\\.obsidian\\plugins\\obsidian-dashboard\\.stryker-tmp\\sandbox3842089"
}
      with custom config {}
      and default (internal) stryker config {
  "collectCoverage": false,
  "verbose": false,
  "notify": false,
  "bail": false,
  "reporters": []
}
08:20:31 (20096) DEBUG ChildProcessProxy Disposing of worker process 17880
08:20:31 (20096) DEBUG ChildProcessProxy Kill 17880
08:20:31 (20628) DEBUG CustomJestConfigLoader Read config from "jest.config.ts" (used native `readInitialOptions` from jest-config).
08:20:31 (20628) DEBUG JestTestRunner Merging file-based config {
  "preset": "ts-jest",
  "coverageProvider": "v8",
  "moduleDirectories": [
    "node_modules",
    "src"
  ],
  "collectCoverageFrom": [
    "!main.ts"
  ],
  "testEnvironment": "jsdom",
  "transform": {
    "^.+\\.ts?$": "ts-jest"
  },
  "setupFilesAfterEnv": [
    "./setup-tests.ts"
  ],
  "rootDir": "C:\\custom\\media\\obsidian\\.obsidian\\plugins\\obsidian-dashboard\\.stryker-tmp\\sandbox3842089"
}
      with custom config {}
      and default (internal) stryker config {
  "collectCoverage": false,
  "verbose": false,
  "notify": false,
  "bail": false,
  "reporters": []
}
08:20:31 (20096) DEBUG ChildProcessProxy Disposing of worker process 20628
08:20:31 (20096) DEBUG ChildProcessProxy Kill 20628
08:20:31 (20096) DEBUG ChildProcessProxy Disposing of worker process 10804
08:20:31 (20096) DEBUG ChildProcessProxy Kill 10804
08:21:17 (15800) DEBUG ConfigReader Loading config from stryker.conf.mjs
08:21:17 (15800) DEBUG ConfigReader Loaded config: {
  "_comment": "This config was generated using 'stryker init'. Please take a look at: https://stryker-mutator.io/docs/stryker-js/configuration/ for more information.",
  "packageManager": "yarn",
  "reporters": [
    "html",
    "clear-text",
    "progress",
    "dashboard"
  ],
  "testRunner": "jest",
  "testRunner_comment": "Take a look at (missing 'homepage' URL in package.json) for information about the jest plugin.",
  "coverageAnalysis": "perTest",
  "fileLogLevel": "trace",
  "logLevel": "debug",
  "allowConsoleColors": true,
  "checkers": [],
  "checkerNodeArgs": [],
  "commandRunner": {
    "command": "npm test"
  },
  "clearTextReporter": {
    "allowColor": true,
    "allowEmojis": false,
    "logTests": true,
    "maxTestsToLog": 3
  },
  "dashboard": {
    "baseUrl": "https://dashboard.stryker-mutator.io/api/reports",
    "reportType": "full"
  },
  "dryRunOnly": false,
  "eventReporter": {
    "baseDir": "reports/mutation/events"
  },
  "ignorePatterns": [],
  "ignoreStatic": false,
  "incremental": false,
  "incrementalFile": "reports/stryker-incremental.json",
  "force": false,
  "inPlace": false,
  "maxConcurrentTestRunners": 9007199254740991,
  "maxTestRunnerReuse": 0,
  "mutate": [
    "{src,lib}/**/!(*.+(s|S)pec|*.+(t|T)est).+(cjs|mjs|js|ts|jsx|tsx|html|vue)",
    "!{src,lib}/**/__tests__/**/*.+(cjs|mjs|js|ts|jsx|tsx|html|vue)"
  ],
  "mutator": {
    "plugins": null,
    "excludedMutations": []
  },
  "plugins": [
    "@stryker-mutator/*"
  ],
  "appendPlugins": [],
  "htmlReporter": {
    "fileName": "reports/mutation/mutation.html"
  },
  "jsonReporter": {
    "fileName": "reports/mutation/mutation.json"
  },
  "disableTypeChecks": true,
  "symlinkNodeModules": true,
  "tempDirName": ".stryker-tmp",
  "cleanTempDir": true,
  "testRunnerNodeArgs": [],
  "thresholds": {
    "high": 80,
    "low": 60,
    "break": null
  },
  "timeoutFactor": 1.5,
  "timeoutMS": 5000,
  "dryRunTimeoutMinutes": 5,
  "tsconfigFile": "tsconfig.json",
  "warnings": true,
  "disableBail": false,
  "allowEmpty": false
}
08:21:17 (15800) DEBUG PluginLoader Loading @stryker-mutator/* from C:\custom\media\obsidian\.obsidian\plugins\obsidian-dashboard\node_modules\@stryker-mutator
08:21:17 (15800) DEBUG PluginLoader Loading plugin "@stryker-mutator/jest-runner" (matched with expression @stryker-mutator/*)
08:21:17 (15800) DEBUG PluginLoader Loading plugin @stryker-mutator/jest-runner
08:21:17 (15800) DEBUG PluginLoader Loading plugin file:///C:/custom/media/obsidian/.obsidian/plugins/obsidian-dashboard/node_modules/@stryker-mutator/core/dist/src/reporters/index.js
08:21:17 (15800) DEBUG MetaSchemaBuilder Contributing 1 schemas from plugins to options validation.
08:21:17 (15800) INFO ProjectReader Found 6 of 39 file(s) to be mutated.
08:21:17 (15800) DEBUG ProjectReader All input files: [
  "C:\\custom\\media\\obsidian\\.obsidian\\plugins\\obsidian-dashboard\\.editorconfig",
  "C:\\custom\\media\\obsidian\\.obsidian\\plugins\\obsidian-dashboard\\.eslintignore",
  "C:\\custom\\media\\obsidian\\.obsidian\\plugins\\obsidian-dashboard\\.eslintrc",
  "C:\\custom\\media\\obsidian\\.obsidian\\plugins\\obsidian-dashboard\\.gitignore",
  "C:\\custom\\media\\obsidian\\.obsidian\\plugins\\obsidian-dashboard\\.idea\\.gitignore",
  "C:\\custom\\media\\obsidian\\.obsidian\\plugins\\obsidian-dashboard\\.idea\\codeStyles\\codeStyleConfig.xml",
  "C:\\custom\\media\\obsidian\\.obsidian\\plugins\\obsidian-dashboard\\.idea\\codeStyles\\Project.xml",
  "C:\\custom\\media\\obsidian\\.obsidian\\plugins\\obsidian-dashboard\\.idea\\inspectionProfiles\\Project_Default.xml",
  "C:\\custom\\media\\obsidian\\.obsidian\\plugins\\obsidian-dashboard\\.idea\\jsLinters\\eslint.xml",
  "C:\\custom\\media\\obsidian\\.obsidian\\plugins\\obsidian-dashboard\\.idea\\modules.xml",
  "C:\\custom\\media\\obsidian\\.obsidian\\plugins\\obsidian-dashboard\\.idea\\obsidian-dashboard.iml",
  "C:\\custom\\media\\obsidian\\.obsidian\\plugins\\obsidian-dashboard\\.idea\\vcs.xml",
  "C:\\custom\\media\\obsidian\\.obsidian\\plugins\\obsidian-dashboard\\.idea\\workspace.xml",
  "C:\\custom\\media\\obsidian\\.obsidian\\plugins\\obsidian-dashboard\\.npmrc",
  "C:\\custom\\media\\obsidian\\.obsidian\\plugins\\obsidian-dashboard\\esbuild.config.mjs",
  "C:\\custom\\media\\obsidian\\.obsidian\\plugins\\obsidian-dashboard\\jest.config.ts",
  "C:\\custom\\media\\obsidian\\.obsidian\\plugins\\obsidian-dashboard\\main.js",
  "C:\\custom\\media\\obsidian\\.obsidian\\plugins\\obsidian-dashboard\\main.ts",
  "C:\\custom\\media\\obsidian\\.obsidian\\plugins\\obsidian-dashboard\\manifest.json",
  "C:\\custom\\media\\obsidian\\.obsidian\\plugins\\obsidian-dashboard\\package.json",
  "C:\\custom\\media\\obsidian\\.obsidian\\plugins\\obsidian-dashboard\\README.md",
  "C:\\custom\\media\\obsidian\\.obsidian\\plugins\\obsidian-dashboard\\setup-tests.ts",
  "C:\\custom\\media\\obsidian\\.obsidian\\plugins\\obsidian-dashboard\\src\\core\\dashboard-bootstrap-service\\dashboardBootstrap.service.ts",
  "C:\\custom\\media\\obsidian\\.obsidian\\plugins\\obsidian-dashboard\\src\\core\\dashboard-bootstrap-service\\dashboardBootstrap.service.spec.ts",
  "C:\\custom\\media\\obsidian\\.obsidian\\plugins\\obsidian-dashboard\\src\\core\\ribbon-service\\ribbon.service.spec.ts",
  "C:\\custom\\media\\obsidian\\.obsidian\\plugins\\obsidian-dashboard\\src\\core\\ribbon-service\\ribbon.service.ts",
  "C:\\custom\\media\\obsidian\\.obsidian\\plugins\\obsidian-dashboard\\src\\dashboard\\dashboard.component.spec.tsx",
  "C:\\custom\\media\\obsidian\\.obsidian\\plugins\\obsidian-dashboard\\src\\dashboard\\dashboard.component.tsx",
  "C:\\custom\\media\\obsidian\\.obsidian\\plugins\\obsidian-dashboard\\src\\dashboard\\dashboard.view.tsx",
  "C:\\custom\\media\\obsidian\\.obsidian\\plugins\\obsidian-dashboard\\src\\dashboard\\registerDashboard.service.ts",
  "C:\\custom\\media\\obsidian\\.obsidian\\plugins\\obsidian-dashboard\\src\\main.css",
  "C:\\custom\\media\\obsidian\\.obsidian\\plugins\\obsidian-dashboard\\src\\shared\\main.identifiers.ts",
  "C:\\custom\\media\\obsidian\\.obsidian\\plugins\\obsidian-dashboard\\stryker.conf.mjs",
  "C:\\custom\\media\\obsidian\\.obsidian\\plugins\\obsidian-dashboard\\styles.css",
  "C:\\custom\\media\\obsidian\\.obsidian\\plugins\\obsidian-dashboard\\tailwind.config.js",
  "C:\\custom\\media\\obsidian\\.obsidian\\plugins\\obsidian-dashboard\\tsconfig.json",
  "C:\\custom\\media\\obsidian\\.obsidian\\plugins\\obsidian-dashboard\\version-bump.mjs",
  "C:\\custom\\media\\obsidian\\.obsidian\\plugins\\obsidian-dashboard\\versions.json",
  "C:\\custom\\media\\obsidian\\.obsidian\\plugins\\obsidian-dashboard\\yarn.lock"
]
08:21:17 (15800) DEBUG ProjectReader Files to mutate: [
  "C:\\custom\\media\\obsidian\\.obsidian\\plugins\\obsidian-dashboard\\src\\core\\dashboard-bootstrap-service\\dashboardBootstrap.service.ts",
  "C:\\custom\\media\\obsidian\\.obsidian\\plugins\\obsidian-dashboard\\src\\core\\ribbon-service\\ribbon.service.ts",
  "C:\\custom\\media\\obsidian\\.obsidian\\plugins\\obsidian-dashboard\\src\\dashboard\\dashboard.component.tsx",
  "C:\\custom\\media\\obsidian\\.obsidian\\plugins\\obsidian-dashboard\\src\\dashboard\\dashboard.view.tsx",
  "C:\\custom\\media\\obsidian\\.obsidian\\plugins\\obsidian-dashboard\\src\\dashboard\\registerDashboard.service.ts",
  "C:\\custom\\media\\obsidian\\.obsidian\\plugins\\obsidian-dashboard\\src\\shared\\main.identifiers.ts"
]
08:21:17 (15800) DEBUG TemporaryDirectory Using temp directory "C:\custom\media\obsidian\.obsidian\plugins\obsidian-dashboard\.stryker-tmp"
08:21:17 (15800) DEBUG Instrumenter Instrumenting 6 source files with mutants
08:21:17 (15800) DEBUG Instrumenter Instrumented src\core\dashboard-bootstrap-service\dashboardBootstrap.service.ts (2 mutant(s))
08:21:17 (15800) DEBUG Instrumenter Instrumented src\core\ribbon-service\ribbon.service.ts (4 mutant(s))
08:21:17 (15800) DEBUG Instrumenter Instrumented src\dashboard\dashboard.component.tsx (4 mutant(s))
08:21:17 (15800) DEBUG Instrumenter Instrumented src\dashboard\dashboard.view.tsx (8 mutant(s))
08:21:17 (15800) DEBUG Instrumenter Instrumented src\dashboard\registerDashboard.service.ts (8 mutant(s))
08:21:17 (15800) DEBUG Instrumenter Instrumented src\shared\main.identifiers.ts (2 mutant(s))
08:21:17 (15800) INFO Instrumenter Instrumented 6 source file(s) with 28 mutant(s)
08:21:17 (15800) DEBUG TSConfigPreprocessor Rewriting file ProjectFile {
  fs: [FileSystem],
  name: 'C:\\custom\\media\\obsidian\\.obsidian\\plugins\\obsidian-dashboard\\tsconfig.json',
  mutate: false
}
08:21:17 (15800) INFO ConcurrencyTokenProvider Creating 11 test runner process(es).
08:21:17 (15800) DEBUG ChildProcessProxy Started CheckerWorker in worker process 0 with pid 20020
08:21:18 (20020) DEBUG PluginLoader Loading plugin @stryker-mutator/jest-runner
08:21:18 (20020) DEBUG PluginLoader Loading plugin file:///C:/custom/media/obsidian/.obsidian/plugins/obsidian-dashboard/node_modules/@stryker-mutator/core/dist/src/reporters/index.js
08:21:18 (15800) DEBUG Sandbox Creating a sandbox for files in C:\custom\media\obsidian\.obsidian\plugins\obsidian-dashboard\.stryker-tmp\sandbox1330625
08:21:18 (15800) DEBUG Sandbox Start symlink node_modules
08:21:18 (15800) DEBUG Sandbox Create symlink from C:\custom\media\obsidian\.obsidian\plugins\obsidian-dashboard\node_modules to C:\custom\media\obsidian\.obsidian\plugins\obsidian-dashboard\.stryker-tmp\sandbox1330625\node_modules
08:21:18 (15800) DEBUG BroadcastReporter Broadcasting to reporters ["html","clear-text","progress","dashboard"]
08:21:18 (15800) DEBUG ChildProcessProxy Started ChildProcessTestRunnerWorker in worker process 0 with pid 5776
08:21:18 (15800) DEBUG ChildProcessProxy Started ChildProcessTestRunnerWorker in worker process 1 with pid 18588
08:21:18 (18588) DEBUG PluginLoader Loading plugin @stryker-mutator/jest-runner
08:21:18 (18588) DEBUG PluginLoader Loading plugin file:///C:/custom/media/obsidian/.obsidian/plugins/obsidian-dashboard/node_modules/@stryker-mutator/core/dist/src/reporters/index.js
08:21:18 (5776) DEBUG PluginLoader Loading plugin @stryker-mutator/jest-runner
08:21:18 (5776) DEBUG PluginLoader Loading plugin file:///C:/custom/media/obsidian/.obsidian/plugins/obsidian-dashboard/node_modules/@stryker-mutator/core/dist/src/reporters/index.js
08:21:19 (5776) DEBUG ChildProcessProxyWorker Changing current working directory for this process to C:\custom\media\obsidian\.obsidian\plugins\obsidian-dashboard\.stryker-tmp\sandbox1330625
08:21:19 (18588) DEBUG ChildProcessProxyWorker Changing current working directory for this process to C:\custom\media\obsidian\.obsidian\plugins\obsidian-dashboard\.stryker-tmp\sandbox1330625
08:21:19 (5776) DEBUG jestTestAdapterFactory Detected Jest version 29.6.2
08:21:19 (18588) DEBUG jestTestAdapterFactory Detected Jest version 29.6.2
08:21:19 (18588) DEBUG JestTestRunner Running jest with --findRelatedTests flag. Set jest.enableFindRelatedTests to false to run all tests on every mutant.
08:21:19 (5776) DEBUG JestTestRunner Running jest with --findRelatedTests flag. Set jest.enableFindRelatedTests to false to run all tests on every mutant.
08:21:21 (5776) DEBUG CustomJestConfigLoader Read config from "jest.config.ts" (used native `readInitialOptions` from jest-config).
08:21:21 (5776) DEBUG JestTestRunner Merging file-based config {
  "preset": "ts-jest",
  "coverageProvider": "v8",
  "moduleDirectories": [
    "node_modules",
    "src"
  ],
  "collectCoverageFrom": [
    "!main.ts"
  ],
  "testEnvironment": "jsdom",
  "transform": {
    "^.+\\.ts?$": "ts-jest"
  },
  "setupFilesAfterEnv": [
    "./setup-tests.ts"
  ],
  "rootDir": "C:\\custom\\media\\obsidian\\.obsidian\\plugins\\obsidian-dashboard\\.stryker-tmp\\sandbox1330625"
}
      with custom config {}
      and default (internal) stryker config {
  "collectCoverage": false,
  "verbose": false,
  "notify": false,
  "bail": false,
  "reporters": []
}
08:21:21 (15800) INFO DryRunExecutor Starting initial test run (jest test runner with "perTest" coverage analysis). This may take a while.
08:21:21 (15800) DEBUG DryRunExecutor Using timeout of 300000 ms.
08:21:21 (15800) DEBUG TimeoutDecorator Starting timeout timer (300000 ms) for a test run
08:21:21 (15800) DEBUG ChildProcessProxy Started ChildProcessTestRunnerWorker in worker process 2 with pid 16132
08:21:21 (18588) DEBUG CustomJestConfigLoader Read config from "jest.config.ts" (used native `readInitialOptions` from jest-config).
08:21:21 (18588) DEBUG JestTestRunner Merging file-based config {
  "preset": "ts-jest",
  "coverageProvider": "v8",
  "moduleDirectories": [
    "node_modules",
    "src"
  ],
  "collectCoverageFrom": [
    "!main.ts"
  ],
  "testEnvironment": "jsdom",
  "transform": {
    "^.+\\.ts?$": "ts-jest"
  },
  "setupFilesAfterEnv": [
    "./setup-tests.ts"
  ],
  "rootDir": "C:\\custom\\media\\obsidian\\.obsidian\\plugins\\obsidian-dashboard\\.stryker-tmp\\sandbox1330625"
}
      with custom config {}
      and default (internal) stryker config {
  "collectCoverage": false,
  "verbose": false,
  "notify": false,
  "bail": false,
  "reporters": []
}
08:21:21 (15800) DEBUG ChildProcessProxy Started ChildProcessTestRunnerWorker in worker process 3 with pid 5556
08:21:21 (5776) TRACE JestTestRunner Invoking Jest with config {"fileNamesUnderTest":["C:\\custom\\media\\obsidian\\.obsidian\\plugins\\obsidian-dashboard\\.stryker-tmp\\sandbox1330625\\src\\core\\dashboard-bootstrap-service\\dashboardBootstrap.service.ts","C:\\custom\\media\\obsidian\\.obsidian\\plugins\\obsidian-dashboard\\.stryker-tmp\\sandbox1330625\\src\\core\\ribbon-service\\ribbon.service.ts","C:\\custom\\media\\obsidian\\.obsidian\\plugins\\obsidian-dashboard\\.stryker-tmp\\sandbox1330625\\src\\dashboard\\dashboard.component.tsx","C:\\custom\\media\\obsidian\\.obsidian\\plugins\\obsidian-dashboard\\.stryker-tmp\\sandbox1330625\\src\\dashboard\\dashboard.view.tsx","C:\\custom\\media\\obsidian\\.obsidian\\plugins\\obsidian-dashboard\\.stryker-tmp\\sandbox1330625\\src\\dashboard\\registerDashboard.service.ts","C:\\custom\\media\\obsidian\\.obsidian\\plugins\\obsidian-dashboard\\.stryker-tmp\\sandbox1330625\\src\\shared\\main.identifiers.ts"],"jestConfig":{"preset":"ts-jest","coverageProvider":"v8","moduleDirectories":["node_modules","src"],"collectCoverageFrom":["!main.ts"],"testEnvironment":"C:\\custom\\media\\obsidian\\.obsidian\\plugins\\obsidian-dashboard\\node_modules\\@stryker-mutator\\jest-runner\\dist\\src\\jest-plugins\\jest-environment-generic.cjs","transform":{"^.+\\.ts?$":"ts-jest"},"setupFilesAfterEnv":["./setup-tests.ts"],"rootDir":"C:\\custom\\media\\obsidian\\.obsidian\\plugins\\obsidian-dashboard\\.stryker-tmp\\sandbox1330625","collectCoverage":false,"verbose":false,"notify":false,"bail":false,"reporters":[],"globals":{"__strykerGlobalNamespace__":"__stryker__"}},"testLocationInResults":true}
08:21:22 (16132) DEBUG PluginLoader Loading plugin @stryker-mutator/jest-runner
08:21:22 (16132) DEBUG PluginLoader Loading plugin file:///C:/custom/media/obsidian/.obsidian/plugins/obsidian-dashboard/node_modules/@stryker-mutator/core/dist/src/reporters/index.js
08:21:22 (5556) DEBUG PluginLoader Loading plugin @stryker-mutator/jest-runner
08:21:22 (5556) DEBUG PluginLoader Loading plugin file:///C:/custom/media/obsidian/.obsidian/plugins/obsidian-dashboard/node_modules/@stryker-mutator/core/dist/src/reporters/index.js
08:21:22 (16132) DEBUG ChildProcessProxyWorker Changing current working directory for this process to C:\custom\media\obsidian\.obsidian\plugins\obsidian-dashboard\.stryker-tmp\sandbox1330625
08:21:22 (5556) DEBUG ChildProcessProxyWorker Changing current working directory for this process to C:\custom\media\obsidian\.obsidian\plugins\obsidian-dashboard\.stryker-tmp\sandbox1330625
08:21:22 (16132) DEBUG jestTestAdapterFactory Detected Jest version 29.6.2
08:21:22 (5556) DEBUG jestTestAdapterFactory Detected Jest version 29.6.2
08:21:22 (16132) DEBUG JestTestRunner Running jest with --findRelatedTests flag. Set jest.enableFindRelatedTests to false to run all tests on every mutant.
08:21:22 (5556) DEBUG JestTestRunner Running jest with --findRelatedTests flag. Set jest.enableFindRelatedTests to false to run all tests on every mutant.
08:21:24 (5556) DEBUG CustomJestConfigLoader Read config from "jest.config.ts" (used native `readInitialOptions` from jest-config).
08:21:24 (5556) DEBUG JestTestRunner Merging file-based config {
  "preset": "ts-jest",
  "coverageProvider": "v8",
  "moduleDirectories": [
    "node_modules",
    "src"
  ],
  "collectCoverageFrom": [
    "!main.ts"
  ],
  "testEnvironment": "jsdom",
  "transform": {
    "^.+\\.ts?$": "ts-jest"
  },
  "setupFilesAfterEnv": [
    "./setup-tests.ts"
  ],
  "rootDir": "C:\\custom\\media\\obsidian\\.obsidian\\plugins\\obsidian-dashboard\\.stryker-tmp\\sandbox1330625"
}
      with custom config {}
      and default (internal) stryker config {
  "collectCoverage": false,
  "verbose": false,
  "notify": false,
  "bail": false,
  "reporters": []
}
08:21:24 (15800) DEBUG ChildProcessProxy Started ChildProcessTestRunnerWorker in worker process 4 with pid 18220
08:21:24 (16132) DEBUG CustomJestConfigLoader Read config from "jest.config.ts" (used native `readInitialOptions` from jest-config).
08:21:24 (16132) DEBUG JestTestRunner Merging file-based config {
  "preset": "ts-jest",
  "coverageProvider": "v8",
  "moduleDirectories": [
    "node_modules",
    "src"
  ],
  "collectCoverageFrom": [
    "!main.ts"
  ],
  "testEnvironment": "jsdom",
  "transform": {
    "^.+\\.ts?$": "ts-jest"
  },
  "setupFilesAfterEnv": [
    "./setup-tests.ts"
  ],
  "rootDir": "C:\\custom\\media\\obsidian\\.obsidian\\plugins\\obsidian-dashboard\\.stryker-tmp\\sandbox1330625"
}
      with custom config {}
      and default (internal) stryker config {
  "collectCoverage": false,
  "verbose": false,
  "notify": false,
  "bail": false,
  "reporters": []
}
08:21:24 (15800) DEBUG ChildProcessProxy Started ChildProcessTestRunnerWorker in worker process 5 with pid 18280
08:21:25 (18220) DEBUG PluginLoader Loading plugin @stryker-mutator/jest-runner
08:21:25 (18220) DEBUG PluginLoader Loading plugin file:///C:/custom/media/obsidian/.obsidian/plugins/obsidian-dashboard/node_modules/@stryker-mutator/core/dist/src/reporters/index.js
08:21:25 (18280) DEBUG PluginLoader Loading plugin @stryker-mutator/jest-runner
08:21:25 (18280) DEBUG PluginLoader Loading plugin file:///C:/custom/media/obsidian/.obsidian/plugins/obsidian-dashboard/node_modules/@stryker-mutator/core/dist/src/reporters/index.js
08:21:25 (18220) DEBUG ChildProcessProxyWorker Changing current working directory for this process to C:\custom\media\obsidian\.obsidian\plugins\obsidian-dashboard\.stryker-tmp\sandbox1330625
08:21:25 (18220) DEBUG jestTestAdapterFactory Detected Jest version 29.6.2
08:21:25 (18280) DEBUG ChildProcessProxyWorker Changing current working directory for this process to C:\custom\media\obsidian\.obsidian\plugins\obsidian-dashboard\.stryker-tmp\sandbox1330625
08:21:25 (18220) DEBUG JestTestRunner Running jest with --findRelatedTests flag. Set jest.enableFindRelatedTests to false to run all tests on every mutant.
08:21:25 (18280) DEBUG jestTestAdapterFactory Detected Jest version 29.6.2
08:21:25 (18280) DEBUG JestTestRunner Running jest with --findRelatedTests flag. Set jest.enableFindRelatedTests to false to run all tests on every mutant.
08:21:27 (18220) DEBUG CustomJestConfigLoader Read config from "jest.config.ts" (used native `readInitialOptions` from jest-config).
08:21:27 (18220) DEBUG JestTestRunner Merging file-based config {
  "preset": "ts-jest",
  "coverageProvider": "v8",
  "moduleDirectories": [
    "node_modules",
    "src"
  ],
  "collectCoverageFrom": [
    "!main.ts"
  ],
  "testEnvironment": "jsdom",
  "transform": {
    "^.+\\.ts?$": "ts-jest"
  },
  "setupFilesAfterEnv": [
    "./setup-tests.ts"
  ],
  "rootDir": "C:\\custom\\media\\obsidian\\.obsidian\\plugins\\obsidian-dashboard\\.stryker-tmp\\sandbox1330625"
}
      with custom config {}
      and default (internal) stryker config {
  "collectCoverage": false,
  "verbose": false,
  "notify": false,
  "bail": false,
  "reporters": []
}
08:21:27 (15800) DEBUG ChildProcessProxy Started ChildProcessTestRunnerWorker in worker process 6 with pid 8412
08:21:28 (18280) DEBUG CustomJestConfigLoader Read config from "jest.config.ts" (used native `readInitialOptions` from jest-config).
08:21:28 (18280) DEBUG JestTestRunner Merging file-based config {
  "preset": "ts-jest",
  "coverageProvider": "v8",
  "moduleDirectories": [
    "node_modules",
    "src"
  ],
  "collectCoverageFrom": [
    "!main.ts"
  ],
  "testEnvironment": "jsdom",
  "transform": {
    "^.+\\.ts?$": "ts-jest"
  },
  "setupFilesAfterEnv": [
    "./setup-tests.ts"
  ],
  "rootDir": "C:\\custom\\media\\obsidian\\.obsidian\\plugins\\obsidian-dashboard\\.stryker-tmp\\sandbox1330625"
}
      with custom config {}
      and default (internal) stryker config {
  "collectCoverage": false,
  "verbose": false,
  "notify": false,
  "bail": false,
  "reporters": []
}
08:21:28 (15800) DEBUG ChildProcessProxy Started ChildProcessTestRunnerWorker in worker process 7 with pid 1272
08:21:28 (8412) DEBUG PluginLoader Loading plugin @stryker-mutator/jest-runner
08:21:28 (8412) DEBUG PluginLoader Loading plugin file:///C:/custom/media/obsidian/.obsidian/plugins/obsidian-dashboard/node_modules/@stryker-mutator/core/dist/src/reporters/index.js
08:21:28 (1272) DEBUG PluginLoader Loading plugin @stryker-mutator/jest-runner
08:21:28 (1272) DEBUG PluginLoader Loading plugin file:///C:/custom/media/obsidian/.obsidian/plugins/obsidian-dashboard/node_modules/@stryker-mutator/core/dist/src/reporters/index.js
08:21:29 (8412) DEBUG ChildProcessProxyWorker Changing current working directory for this process to C:\custom\media\obsidian\.obsidian\plugins\obsidian-dashboard\.stryker-tmp\sandbox1330625
08:21:29 (8412) DEBUG jestTestAdapterFactory Detected Jest version 29.6.2
08:21:29 (1272) DEBUG ChildProcessProxyWorker Changing current working directory for this process to C:\custom\media\obsidian\.obsidian\plugins\obsidian-dashboard\.stryker-tmp\sandbox1330625
08:21:29 (8412) DEBUG JestTestRunner Running jest with --findRelatedTests flag. Set jest.enableFindRelatedTests to false to run all tests on every mutant.
08:21:29 (15800) INFO DryRunExecutor Initial test run succeeded. Ran 2 tests in 7 seconds (net 61 ms, overhead 7572 ms).
08:21:29 (15800) DEBUG ChildProcessProxy Disposing of worker process 20020
08:21:29 (15800) DEBUG TimeoutDecorator Starting timeout timer (12579.5 ms) for a test run
08:21:29 (15800) DEBUG TimeoutDecorator Starting timeout timer (12579.5 ms) for a test run
08:21:29 (15800) DEBUG TimeoutDecorator Starting timeout timer (12656 ms) for a test run
08:21:29 (15800) DEBUG ChildProcessProxy Kill 20020
08:21:29 (5556) TRACE JestTestRunner Invoking Jest with config {"fileNamesUnderTest":["C:\\custom\\media\\obsidian\\.obsidian\\plugins\\obsidian-dashboard\\.stryker-tmp\\sandbox1330625\\src\\core\\dashboard-bootstrap-service\\dashboardBootstrap.service.ts"],"jestConfig":{"preset":"ts-jest","coverageProvider":"v8","moduleDirectories":["node_modules","src"],"collectCoverageFrom":["!main.ts"],"testEnvironment":"C:\\custom\\media\\obsidian\\.obsidian\\plugins\\obsidian-dashboard\\node_modules\\@stryker-mutator\\jest-runner\\dist\\src\\jest-plugins\\jest-environment-generic.cjs","transform":{"^.+\\.ts?$":"ts-jest"},"setupFilesAfterEnv":["./setup-tests.ts"],"rootDir":"C:\\custom\\media\\obsidian\\.obsidian\\plugins\\obsidian-dashboard\\.stryker-tmp\\sandbox1330625","collectCoverage":false,"verbose":false,"notify":false,"bail":false,"reporters":[],"globals":{"__strykerGlobalNamespace__":"__stryker__"}},"testNamePattern":"(DashboardBootstrapService it should notify and emit values through showApp\\$)"}
08:21:29 (18588) TRACE JestTestRunner Invoking Jest with config {"fileNamesUnderTest":["C:\\custom\\media\\obsidian\\.obsidian\\plugins\\obsidian-dashboard\\.stryker-tmp\\sandbox1330625\\src\\core\\dashboard-bootstrap-service\\dashboardBootstrap.service.ts"],"jestConfig":{"preset":"ts-jest","coverageProvider":"v8","moduleDirectories":["node_modules","src"],"collectCoverageFrom":["!main.ts"],"testEnvironment":"C:\\custom\\media\\obsidian\\.obsidian\\plugins\\obsidian-dashboard\\node_modules\\@stryker-mutator\\jest-runner\\dist\\src\\jest-plugins\\jest-environment-generic.cjs","transform":{"^.+\\.ts?$":"ts-jest"},"setupFilesAfterEnv":["./setup-tests.ts"],"rootDir":"C:\\custom\\media\\obsidian\\.obsidian\\plugins\\obsidian-dashboard\\.stryker-tmp\\sandbox1330625","collectCoverage":false,"verbose":false,"notify":false,"bail":false,"reporters":[],"globals":{"__strykerGlobalNamespace__":"__stryker__"}},"testNamePattern":"(DashboardBootstrapService it should notify and emit values through showApp\\$)"}
08:21:29 (16132) TRACE JestTestRunner Invoking Jest with config {"fileNamesUnderTest":["C:\\custom\\media\\obsidian\\.obsidian\\plugins\\obsidian-dashboard\\.stryker-tmp\\sandbox1330625\\src\\dashboard\\dashboard.component.tsx"],"jestConfig":{"preset":"ts-jest","coverageProvider":"v8","moduleDirectories":["node_modules","src"],"collectCoverageFrom":["!main.ts"],"testEnvironment":"C:\\custom\\media\\obsidian\\.obsidian\\plugins\\obsidian-dashboard\\node_modules\\@stryker-mutator\\jest-runner\\dist\\src\\jest-plugins\\jest-environment-generic.cjs","transform":{"^.+\\.ts?$":"ts-jest"},"setupFilesAfterEnv":["./setup-tests.ts"],"rootDir":"C:\\custom\\media\\obsidian\\.obsidian\\plugins\\obsidian-dashboard\\.stryker-tmp\\sandbox1330625","collectCoverage":false,"verbose":false,"notify":false,"bail":false,"reporters":[],"globals":{"__strykerGlobalNamespace__":"__stryker__"}},"testNamePattern":"(dashboardComponent it should render)"}
08:21:29 (1272) DEBUG jestTestAdapterFactory Detected Jest version 29.6.2
08:21:29 (1272) DEBUG JestTestRunner Running jest with --findRelatedTests flag. Set jest.enableFindRelatedTests to false to run all tests on every mutant.
08:21:33 (8412) DEBUG CustomJestConfigLoader Read config from "jest.config.ts" (used native `readInitialOptions` from jest-config).
08:21:33 (8412) DEBUG JestTestRunner Merging file-based config {
  "preset": "ts-jest",
  "coverageProvider": "v8",
  "moduleDirectories": [
    "node_modules",
    "src"
  ],
  "collectCoverageFrom": [
    "!main.ts"
  ],
  "testEnvironment": "jsdom",
  "transform": {
    "^.+\\.ts?$": "ts-jest"
  },
  "setupFilesAfterEnv": [
    "./setup-tests.ts"
  ],
  "rootDir": "C:\\custom\\media\\obsidian\\.obsidian\\plugins\\obsidian-dashboard\\.stryker-tmp\\sandbox1330625"
}
      with custom config {}
      and default (internal) stryker config {
  "collectCoverage": false,
  "verbose": false,
  "notify": false,
  "bail": false,
  "reporters": []
}
08:21:33 (15800) DEBUG ChildProcessProxy Started ChildProcessTestRunnerWorker in worker process 8 with pid 6340
08:21:34 (1272) DEBUG CustomJestConfigLoader Read config from "jest.config.ts" (used native `readInitialOptions` from jest-config).
08:21:34 (1272) DEBUG JestTestRunner Merging file-based config {
  "preset": "ts-jest",
  "coverageProvider": "v8",
  "moduleDirectories": [
    "node_modules",
    "src"
  ],
  "collectCoverageFrom": [
    "!main.ts"
  ],
  "testEnvironment": "jsdom",
  "transform": {
    "^.+\\.ts?$": "ts-jest"
  },
  "setupFilesAfterEnv": [
    "./setup-tests.ts"
  ],
  "rootDir": "C:\\custom\\media\\obsidian\\.obsidian\\plugins\\obsidian-dashboard\\.stryker-tmp\\sandbox1330625"
}
      with custom config {}
      and default (internal) stryker config {
  "collectCoverage": false,
  "verbose": false,
  "notify": false,
  "bail": false,
  "reporters": []
}
08:21:34 (15800) DEBUG ChildProcessProxy Started ChildProcessTestRunnerWorker in worker process 9 with pid 14136
08:21:35 (6340) DEBUG PluginLoader Loading plugin @stryker-mutator/jest-runner
08:21:35 (6340) DEBUG PluginLoader Loading plugin file:///C:/custom/media/obsidian/.obsidian/plugins/obsidian-dashboard/node_modules/@stryker-mutator/core/dist/src/reporters/index.js
08:21:35 (6340) DEBUG ChildProcessProxyWorker Changing current working directory for this process to C:\custom\media\obsidian\.obsidian\plugins\obsidian-dashboard\.stryker-tmp\sandbox1330625
08:21:36 (6340) DEBUG jestTestAdapterFactory Detected Jest version 29.6.2
08:21:36 (14136) DEBUG PluginLoader Loading plugin @stryker-mutator/jest-runner
08:21:36 (14136) DEBUG PluginLoader Loading plugin file:///C:/custom/media/obsidian/.obsidian/plugins/obsidian-dashboard/node_modules/@stryker-mutator/core/dist/src/reporters/index.js
08:21:36 (6340) DEBUG JestTestRunner Running jest with --findRelatedTests flag. Set jest.enableFindRelatedTests to false to run all tests on every mutant.
08:21:36 (14136) DEBUG ChildProcessProxyWorker Changing current working directory for this process to C:\custom\media\obsidian\.obsidian\plugins\obsidian-dashboard\.stryker-tmp\sandbox1330625
08:21:36 (14136) DEBUG jestTestAdapterFactory Detected Jest version 29.6.2
08:21:36 (14136) DEBUG JestTestRunner Running jest with --findRelatedTests flag. Set jest.enableFindRelatedTests to false to run all tests on every mutant.
08:21:39 (6340) DEBUG CustomJestConfigLoader Read config from "jest.config.ts" (used native `readInitialOptions` from jest-config).
08:21:39 (6340) DEBUG JestTestRunner Merging file-based config {
  "preset": "ts-jest",
  "coverageProvider": "v8",
  "moduleDirectories": [
    "node_modules",
    "src"
  ],
  "collectCoverageFrom": [
    "!main.ts"
  ],
  "testEnvironment": "jsdom",
  "transform": {
    "^.+\\.ts?$": "ts-jest"
  },
  "setupFilesAfterEnv": [
    "./setup-tests.ts"
  ],
  "rootDir": "C:\\custom\\media\\obsidian\\.obsidian\\plugins\\obsidian-dashboard\\.stryker-tmp\\sandbox1330625"
}
      with custom config {}
      and default (internal) stryker config {
  "collectCoverage": false,
  "verbose": false,
  "notify": false,
  "bail": false,
  "reporters": []
}
08:21:39 (15800) DEBUG ChildProcessProxy Started ChildProcessTestRunnerWorker in worker process 10 with pid 21028
08:21:39 (14136) DEBUG CustomJestConfigLoader Read config from "jest.config.ts" (used native `readInitialOptions` from jest-config).
08:21:39 (14136) DEBUG JestTestRunner Merging file-based config {
  "preset": "ts-jest",
  "coverageProvider": "v8",
  "moduleDirectories": [
    "node_modules",
    "src"
  ],
  "collectCoverageFrom": [
    "!main.ts"
  ],
  "testEnvironment": "jsdom",
  "transform": {
    "^.+\\.ts?$": "ts-jest"
  },
  "setupFilesAfterEnv": [
    "./setup-tests.ts"
  ],
  "rootDir": "C:\\custom\\media\\obsidian\\.obsidian\\plugins\\obsidian-dashboard\\.stryker-tmp\\sandbox1330625"
}
      with custom config {}
      and default (internal) stryker config {
  "collectCoverage": false,
  "verbose": false,
  "notify": false,
  "bail": false,
  "reporters": []
}
08:21:39 (21028) DEBUG PluginLoader Loading plugin @stryker-mutator/jest-runner
08:21:39 (21028) DEBUG PluginLoader Loading plugin file:///C:/custom/media/obsidian/.obsidian/plugins/obsidian-dashboard/node_modules/@stryker-mutator/core/dist/src/reporters/index.js
08:21:39 (21028) DEBUG ChildProcessProxyWorker Changing current working directory for this process to C:\custom\media\obsidian\.obsidian\plugins\obsidian-dashboard\.stryker-tmp\sandbox1330625
08:21:39 (21028) DEBUG jestTestAdapterFactory Detected Jest version 29.6.2
08:21:39 (21028) DEBUG JestTestRunner Running jest with --findRelatedTests flag. Set jest.enableFindRelatedTests to false to run all tests on every mutant.
08:21:41 (21028) DEBUG CustomJestConfigLoader Read config from "jest.config.ts" (used native `readInitialOptions` from jest-config).
08:21:41 (21028) DEBUG JestTestRunner Merging file-based config {
  "preset": "ts-jest",
  "coverageProvider": "v8",
  "moduleDirectories": [
    "node_modules",
    "src"
  ],
  "collectCoverageFrom": [
    "!main.ts"
  ],
  "testEnvironment": "jsdom",
  "transform": {
    "^.+\\.ts?$": "ts-jest"
  },
  "setupFilesAfterEnv": [
    "./setup-tests.ts"
  ],
  "rootDir": "C:\\custom\\media\\obsidian\\.obsidian\\plugins\\obsidian-dashboard\\.stryker-tmp\\sandbox1330625"
}
      with custom config {}
      and default (internal) stryker config {
  "collectCoverage": false,
  "verbose": false,
  "notify": false,
  "bail": false,
  "reporters": []
}
08:21:41 (15800) DEBUG TimeoutDecorator Timeout expired, restarting the process and reporting timeout
08:21:41 (15800) DEBUG ChildProcessProxy Disposing of worker process 5556
08:21:41 (15800) DEBUG ChildProcessProxy Kill 5556
08:21:41 (15800) DEBUG ChildProcessProxy Started ChildProcessTestRunnerWorker in worker process 11 with pid 9164
08:21:42 (9164) DEBUG PluginLoader Loading plugin @stryker-mutator/jest-runner
08:21:42 (9164) DEBUG PluginLoader Loading plugin file:///C:/custom/media/obsidian/.obsidian/plugins/obsidian-dashboard/node_modules/@stryker-mutator/core/dist/src/reporters/index.js
08:21:42 (9164) DEBUG ChildProcessProxyWorker Changing current working directory for this process to C:\custom\media\obsidian\.obsidian\plugins\obsidian-dashboard\.stryker-tmp\sandbox1330625
08:21:42 (9164) DEBUG jestTestAdapterFactory Detected Jest version 29.6.2
08:21:42 (9164) DEBUG JestTestRunner Running jest with --findRelatedTests flag. Set jest.enableFindRelatedTests to false to run all tests on every mutant.
08:21:44 (9164) DEBUG CustomJestConfigLoader Read config from "jest.config.ts" (used native `readInitialOptions` from jest-config).
08:21:44 (9164) DEBUG JestTestRunner Merging file-based config {
  "preset": "ts-jest",
  "coverageProvider": "v8",
  "moduleDirectories": [
    "node_modules",
    "src"
  ],
  "collectCoverageFrom": [
    "!main.ts"
  ],
  "testEnvironment": "jsdom",
  "transform": {
    "^.+\\.ts?$": "ts-jest"
  },
  "setupFilesAfterEnv": [
    "./setup-tests.ts"
  ],
  "rootDir": "C:\\custom\\media\\obsidian\\.obsidian\\plugins\\obsidian-dashboard\\.stryker-tmp\\sandbox1330625"
}
      with custom config {}
      and default (internal) stryker config {
  "collectCoverage": false,
  "verbose": false,
  "notify": false,
  "bail": false,
  "reporters": []
}
08:21:44 (15800) DEBUG HtmlReporter Using file "reports/mutation/mutation.html"
08:21:44 (15800) DEBUG ClearTextReporter [Killed] BlockStatement
08:21:44 (15800) DEBUG ClearTextReporter src/core/dashboard-bootstrap-service/dashboardBootstrap.service.ts:8:50
08:21:44 (15800) DEBUG ClearTextReporter -   	public get bootstrapStatus$(): Observable<null> {

08:21:44 (15800) DEBUG ClearTextReporter -   		return this.#bootstrapStatus$.asObservable();

08:21:44 (15800) DEBUG ClearTextReporter -   	}

08:21:44 (15800) DEBUG ClearTextReporter +   	public get bootstrapStatus$(): Observable<null> {}

08:21:44 (15800) DEBUG ClearTextReporter Killed by: DashboardBootstrapService it should notify and emit values through showApp$
08:21:44 (15800) DEBUG ClearTextReporter
08:21:44 (15800) DEBUG ClearTextReporter [Timeout] BlockStatement
08:21:44 (15800) DEBUG ClearTextReporter src/core/dashboard-bootstrap-service/dashboardBootstrap.service.ts:12:27
08:21:44 (15800) DEBUG ClearTextReporter -   	public launchDashboard() {

08:21:44 (15800) DEBUG ClearTextReporter -   		this.#bootstrapStatus$.next(null);

08:21:44 (15800) DEBUG ClearTextReporter -   	}

08:21:44 (15800) DEBUG ClearTextReporter +   	public launchDashboard() {}

08:21:44 (15800) DEBUG ClearTextReporter
08:21:44 (15800) DEBUG ClearTextReporter [Killed] BlockStatement
08:21:44 (15800) DEBUG ClearTextReporter src/dashboard/dashboard.component.tsx:5:41
08:21:44 (15800) DEBUG ClearTextReporter -   export const DashboardComponent = () => {

08:21:44 (15800) DEBUG ClearTextReporter -   	const [counter, setCounter] = useState(0);

08:21:44 (15800) DEBUG ClearTextReporter -

08:21:44 (15800) DEBUG ClearTextReporter -   	return (

08:21:44 (15800) DEBUG ClearTextReporter -   		<div data-testid="app">

08:21:44 (15800) DEBUG ClearTextReporter -   			<h1 className="tw-flex tw-bg-amber-50">{counter}</h1>

08:21:44 (15800) DEBUG ClearTextReporter -   			<Camera size={24}/>

08:21:44 (15800) DEBUG ClearTextReporter -   			<button onClick={() => {

08:21:44 (15800) DEBUG ClearTextReporter -   				setCounter(prev => prev + 1);

08:21:44 (15800) DEBUG ClearTextReporter -   			}}>

08:21:44 (15800) DEBUG ClearTextReporter -   				lol

08:21:44 (15800) DEBUG ClearTextReporter -   			</button>

08:21:44 (15800) DEBUG ClearTextReporter -   		</div>

08:21:44 (15800) DEBUG ClearTextReporter -   	);

08:21:44 (15800) DEBUG ClearTextReporter -   };

08:21:44 (15800) DEBUG ClearTextReporter +   export const DashboardComponent = () => {};

08:21:44 (15800) DEBUG ClearTextReporter Killed by: dashboardComponent it should render
08:21:44 (15800) DEBUG ClearTextReporter
08:21:44 (15800) INFO DashboardReporter The report was not send to the dashboard. The dashboard.project and/or dashboard.version values were missing and not detected to be running on a build server.
08:21:44 (15800) DEBUG MutationTestReportHelper No breaking threshold configured. Won't fail the build no matter how low your mutation score is. Set `thresholds.break` to change this behavior.
08:21:44 (15800) INFO HtmlReporter Your report can be found at: file:///C:/custom/media/obsidian/.obsidian/plugins/obsidian-dashboard/reports/mutation/mutation.html
08:21:44 (15800) INFO MutationTestExecutor Done in 27 seconds.
08:21:44 (15800) DEBUG ChildProcessProxy Disposing of worker process 18588
08:21:44 (15800) DEBUG ChildProcessProxy Disposing of worker process 5776
08:21:44 (15800) DEBUG ChildProcessProxy Disposing of worker process 16132
08:21:44 (15800) DEBUG ChildProcessProxy Disposing of worker process 18220
08:21:44 (15800) DEBUG ChildProcessProxy Disposing of worker process 8412
08:21:44 (15800) DEBUG ChildProcessProxy Disposing of worker process 18280
08:21:44 (15800) DEBUG ChildProcessProxy Disposing of worker process 9164
08:21:44 (15800) DEBUG ChildProcessProxy Disposing of worker process 1272
08:21:44 (15800) DEBUG ChildProcessProxy Disposing of worker process 14136
08:21:44 (15800) DEBUG ChildProcessProxy Disposing of worker process 6340
08:21:44 (15800) DEBUG ChildProcessProxy Disposing of worker process 21028
08:21:44 (15800) DEBUG ChildProcessProxy Kill 18588
08:21:44 (15800) DEBUG ChildProcessProxy Kill 5776
08:21:44 (15800) DEBUG ChildProcessProxy Kill 16132
08:21:44 (15800) DEBUG ChildProcessProxy Kill 18220
08:21:44 (15800) DEBUG ChildProcessProxy Kill 8412
08:21:44 (15800) DEBUG ChildProcessProxy Kill 18280
08:21:44 (15800) DEBUG ChildProcessProxy Kill 9164
08:21:44 (15800) DEBUG ChildProcessProxy Kill 14136
08:21:44 (15800) DEBUG ChildProcessProxy Kill 6340
08:21:44 (15800) DEBUG ChildProcessProxy Kill 1272
08:21:44 (15800) DEBUG ChildProcessProxy Kill 21028
08:21:44 (15800) DEBUG TemporaryDirectory Deleting stryker temp directory C:\custom\media\obsidian\.obsidian\plugins\obsidian-dashboard\.stryker-tmp
